{"C:\\Users\\ddcre\\Desktop\\SEMESTRE 9\\GESTIÓN DE CALIDAD DE SISTEMAS\\uordel\\uordel-gestion-calidad\\src\\ExcepcionesWordle.js": {"path":"C:\\Users\\ddcre\\Desktop\\SEMESTRE 9\\GESTIÓN DE CALIDAD DE SISTEMAS\\uordel\\uordel-gestion-calidad\\src\\ExcepcionesWordle.js","statementMap":{"0":{"start":{"line":3,"column":6},"end":{"line":3,"column":21}}},"fnMap":{"0":{"name":"(anonymous_0)","decl":{"start":{"line":2,"column":4},"end":{"line":2,"column":5}},"loc":{"start":{"line":2,"column":25},"end":{"line":4,"column":5}},"line":2}},"branchMap":{},"s":{"0":0},"f":{"0":0},"b":{},"_coverageSchema":"1a1c01bbd47fc00a2c39e90264f33305004495a9","hash":"3f248c65005bc26a5f3a10a2fb1193864dcb3f68"}
,"C:\\Users\\ddcre\\Desktop\\SEMESTRE 9\\GESTIÓN DE CALIDAD DE SISTEMAS\\uordel\\uordel-gestion-calidad\\src\\funcionesWordle.js": {"path":"C:\\Users\\ddcre\\Desktop\\SEMESTRE 9\\GESTIÓN DE CALIDAD DE SISTEMAS\\uordel\\uordel-gestion-calidad\\src\\funcionesWordle.js","statementMap":{"0":{"start":{"line":5,"column":8},"end":{"line":5,"column":174}},"1":{"start":{"line":6,"column":8},"end":{"line":6,"column":68}},"2":{"start":{"line":7,"column":8},"end":{"line":7,"column":55}},"3":{"start":{"line":8,"column":8},"end":{"line":8,"column":50}},"4":{"start":{"line":9,"column":8},"end":{"line":9,"column":76}},"5":{"start":{"line":10,"column":8},"end":{"line":10,"column":60}},"6":{"start":{"line":11,"column":8},"end":{"line":11,"column":58}},"7":{"start":{"line":12,"column":8},"end":{"line":12,"column":25}},"8":{"start":{"line":13,"column":8},"end":{"line":13,"column":29}},"9":{"start":{"line":14,"column":8},"end":{"line":14,"column":40}},"10":{"start":{"line":15,"column":8},"end":{"line":15,"column":31}},"11":{"start":{"line":19,"column":22},"end":{"line":19,"column":85}},"12":{"start":{"line":20,"column":8},"end":{"line":26,"column":9}},"13":{"start":{"line":20,"column":20},"end":{"line":20,"column":21}},"14":{"start":{"line":21,"column":12},"end":{"line":25,"column":13}},"15":{"start":{"line":22,"column":31},"end":{"line":22,"column":67}},"16":{"start":{"line":22,"column":67},"end":{"line":22,"column":73}},"17":{"start":{"line":23,"column":27},"end":{"line":23,"column":59}},"18":{"start":{"line":23,"column":59},"end":{"line":23,"column":65}},"19":{"start":{"line":24,"column":32},"end":{"line":24,"column":69}},"20":{"start":{"line":24,"column":69},"end":{"line":24,"column":75}},"21":{"start":{"line":30,"column":8},"end":{"line":30,"column":34}},"22":{"start":{"line":31,"column":8},"end":{"line":33,"column":9}},"23":{"start":{"line":31,"column":20},"end":{"line":31,"column":21}},"24":{"start":{"line":32,"column":12},"end":{"line":32,"column":43}},"25":{"start":{"line":37,"column":8},"end":{"line":42,"column":9}},"26":{"start":{"line":38,"column":12},"end":{"line":38,"column":60}},"27":{"start":{"line":40,"column":12},"end":{"line":40,"column":59}},"28":{"start":{"line":41,"column":12},"end":{"line":41,"column":45}},"29":{"start":{"line":46,"column":22},"end":{"line":46,"column":34}},"30":{"start":{"line":47,"column":8},"end":{"line":51,"column":9}},"31":{"start":{"line":48,"column":12},"end":{"line":48,"column":51}},"32":{"start":{"line":50,"column":12},"end":{"line":50,"column":36}},"33":{"start":{"line":52,"column":8},"end":{"line":52,"column":23}},"34":{"start":{"line":56,"column":23},"end":{"line":56,"column":24}},"35":{"start":{"line":57,"column":25},"end":{"line":57,"column":27}},"36":{"start":{"line":58,"column":8},"end":{"line":58,"column":36}},"37":{"start":{"line":59,"column":8},"end":{"line":76,"column":9}},"38":{"start":{"line":61,"column":28},"end":{"line":61,"column":96}},"39":{"start":{"line":62,"column":28},"end":{"line":62,"column":73}},"40":{"start":{"line":63,"column":28},"end":{"line":63,"column":34}},"41":{"start":{"line":65,"column":28},"end":{"line":65,"column":92}},"42":{"start":{"line":66,"column":28},"end":{"line":66,"column":69}},"43":{"start":{"line":67,"column":28},"end":{"line":67,"column":34}},"44":{"start":{"line":69,"column":28},"end":{"line":69,"column":96}},"45":{"start":{"line":70,"column":28},"end":{"line":70,"column":74}},"46":{"start":{"line":71,"column":28},"end":{"line":71,"column":34}},"47":{"start":{"line":73,"column":28},"end":{"line":73,"column":98}},"48":{"start":{"line":74,"column":28},"end":{"line":74,"column":79}},"49":{"start":{"line":75,"column":28},"end":{"line":75,"column":34}},"50":{"start":{"line":77,"column":8},"end":{"line":77,"column":26}},"51":{"start":{"line":81,"column":8},"end":{"line":81,"column":36}},"52":{"start":{"line":82,"column":8},"end":{"line":85,"column":9}},"53":{"start":{"line":83,"column":12},"end":{"line":83,"column":54}},"54":{"start":{"line":84,"column":12},"end":{"line":84,"column":45}},"55":{"start":{"line":86,"column":8},"end":{"line":86,"column":23}},"56":{"start":{"line":90,"column":8},"end":{"line":90,"column":60}},"57":{"start":{"line":91,"column":8},"end":{"line":91,"column":57}},"58":{"start":{"line":92,"column":8},"end":{"line":92,"column":29}},"59":{"start":{"line":96,"column":8},"end":{"line":96,"column":43}},"60":{"start":{"line":100,"column":8},"end":{"line":100,"column":37}},"61":{"start":{"line":104,"column":8},"end":{"line":104,"column":33}},"62":{"start":{"line":108,"column":8},"end":{"line":108,"column":38}},"63":{"start":{"line":112,"column":8},"end":{"line":112,"column":37}},"64":{"start":{"line":116,"column":8},"end":{"line":118,"column":9}},"65":{"start":{"line":117,"column":12},"end":{"line":117,"column":57}},"66":{"start":{"line":122,"column":8},"end":{"line":124,"column":9}},"67":{"start":{"line":123,"column":12},"end":{"line":123,"column":60}},"68":{"start":{"line":128,"column":8},"end":{"line":128,"column":55}},"69":{"start":{"line":129,"column":8},"end":{"line":129,"column":27}},"70":{"start":{"line":133,"column":8},"end":{"line":143,"column":9}},"71":{"start":{"line":134,"column":12},"end":{"line":139,"column":13}},"72":{"start":{"line":135,"column":16},"end":{"line":135,"column":62}},"73":{"start":{"line":136,"column":16},"end":{"line":136,"column":69}},"74":{"start":{"line":137,"column":16},"end":{"line":137,"column":49}},"75":{"start":{"line":138,"column":16},"end":{"line":138,"column":54}},"76":{"start":{"line":142,"column":12},"end":{"line":142,"column":34}},"77":{"start":{"line":144,"column":8},"end":{"line":144,"column":23}},"78":{"start":{"line":149,"column":8},"end":{"line":149,"column":34}},"79":{"start":{"line":153,"column":8},"end":{"line":153,"column":32}},"80":{"start":{"line":157,"column":8},"end":{"line":157,"column":32}},"81":{"start":{"line":161,"column":8},"end":{"line":166,"column":9}},"82":{"start":{"line":161,"column":20},"end":{"line":161,"column":21}},"83":{"start":{"line":162,"column":12},"end":{"line":165,"column":13}},"84":{"start":{"line":163,"column":16},"end":{"line":163,"column":46}},"85":{"start":{"line":164,"column":16},"end":{"line":164,"column":50}},"86":{"start":{"line":171,"column":8},"end":{"line":177,"column":9}},"87":{"start":{"line":171,"column":20},"end":{"line":171,"column":21}},"88":{"start":{"line":172,"column":12},"end":{"line":172,"column":63}},"89":{"start":{"line":173,"column":12},"end":{"line":176,"column":13}},"90":{"start":{"line":174,"column":16},"end":{"line":174,"column":46}},"91":{"start":{"line":175,"column":16},"end":{"line":175,"column":52}},"92":{"start":{"line":181,"column":8},"end":{"line":181,"column":61}},"93":{"start":{"line":185,"column":8},"end":{"line":185,"column":68}},"94":{"start":{"line":189,"column":8},"end":{"line":195,"column":9}},"95":{"start":{"line":190,"column":12},"end":{"line":190,"column":64}},"96":{"start":{"line":191,"column":12},"end":{"line":191,"column":56}},"97":{"start":{"line":192,"column":12},"end":{"line":192,"column":58}},"98":{"start":{"line":193,"column":12},"end":{"line":193,"column":39}},"99":{"start":{"line":194,"column":12},"end":{"line":194,"column":32}},"100":{"start":{"line":199,"column":8},"end":{"line":199,"column":36}},"101":{"start":{"line":203,"column":24},"end":{"line":203,"column":32}},"102":{"start":{"line":204,"column":8},"end":{"line":210,"column":9}},"103":{"start":{"line":205,"column":12},"end":{"line":205,"column":34}},"104":{"start":{"line":207,"column":13},"end":{"line":210,"column":9}},"105":{"start":{"line":209,"column":12},"end":{"line":209,"column":35}},"106":{"start":{"line":211,"column":8},"end":{"line":211,"column":25}},"107":{"start":{"line":216,"column":20},"end":{"line":216,"column":54}},"108":{"start":{"line":217,"column":8},"end":{"line":217,"column":21}},"109":{"start":{"line":221,"column":8},"end":{"line":221,"column":79}},"110":{"start":{"line":222,"column":8},"end":{"line":222,"column":34}}},"fnMap":{"0":{"name":"(anonymous_0)","decl":{"start":{"line":4,"column":4},"end":{"line":4,"column":5}},"loc":{"start":{"line":4,"column":17},"end":{"line":16,"column":5}},"line":4},"1":{"name":"(anonymous_1)","decl":{"start":{"line":18,"column":4},"end":{"line":18,"column":5}},"loc":{"start":{"line":18,"column":32},"end":{"line":27,"column":5}},"line":18},"2":{"name":"(anonymous_2)","decl":{"start":{"line":29,"column":4},"end":{"line":29,"column":5}},"loc":{"start":{"line":29,"column":44},"end":{"line":34,"column":5}},"line":29},"3":{"name":"(anonymous_3)","decl":{"start":{"line":36,"column":4},"end":{"line":36,"column":5}},"loc":{"start":{"line":36,"column":37},"end":{"line":43,"column":5}},"line":36},"4":{"name":"(anonymous_4)","decl":{"start":{"line":45,"column":4},"end":{"line":45,"column":5}},"loc":{"start":{"line":45,"column":37},"end":{"line":53,"column":5}},"line":45},"5":{"name":"(anonymous_5)","decl":{"start":{"line":55,"column":4},"end":{"line":55,"column":5}},"loc":{"start":{"line":55,"column":42},"end":{"line":78,"column":5}},"line":55},"6":{"name":"(anonymous_6)","decl":{"start":{"line":80,"column":4},"end":{"line":80,"column":5}},"loc":{"start":{"line":80,"column":34},"end":{"line":87,"column":5}},"line":80},"7":{"name":"(anonymous_7)","decl":{"start":{"line":89,"column":4},"end":{"line":89,"column":5}},"loc":{"start":{"line":89,"column":26},"end":{"line":93,"column":5}},"line":89},"8":{"name":"(anonymous_8)","decl":{"start":{"line":95,"column":4},"end":{"line":95,"column":5}},"loc":{"start":{"line":95,"column":26},"end":{"line":97,"column":5}},"line":95},"9":{"name":"(anonymous_9)","decl":{"start":{"line":99,"column":4},"end":{"line":99,"column":5}},"loc":{"start":{"line":99,"column":29},"end":{"line":101,"column":5}},"line":99},"10":{"name":"(anonymous_10)","decl":{"start":{"line":103,"column":4},"end":{"line":103,"column":5}},"loc":{"start":{"line":103,"column":25},"end":{"line":105,"column":5}},"line":103},"11":{"name":"(anonymous_11)","decl":{"start":{"line":107,"column":4},"end":{"line":107,"column":5}},"loc":{"start":{"line":107,"column":30},"end":{"line":109,"column":5}},"line":107},"12":{"name":"(anonymous_12)","decl":{"start":{"line":111,"column":4},"end":{"line":111,"column":5}},"loc":{"start":{"line":111,"column":48},"end":{"line":113,"column":5}},"line":111},"13":{"name":"(anonymous_13)","decl":{"start":{"line":115,"column":4},"end":{"line":115,"column":5}},"loc":{"start":{"line":115,"column":51},"end":{"line":119,"column":5}},"line":115},"14":{"name":"(anonymous_14)","decl":{"start":{"line":121,"column":4},"end":{"line":121,"column":5}},"loc":{"start":{"line":121,"column":31},"end":{"line":125,"column":5}},"line":121},"15":{"name":"(anonymous_15)","decl":{"start":{"line":127,"column":4},"end":{"line":127,"column":5}},"loc":{"start":{"line":127,"column":36},"end":{"line":130,"column":5}},"line":127},"16":{"name":"(anonymous_16)","decl":{"start":{"line":132,"column":4},"end":{"line":132,"column":5}},"loc":{"start":{"line":132,"column":46},"end":{"line":145,"column":5}},"line":132},"17":{"name":"(anonymous_17)","decl":{"start":{"line":148,"column":4},"end":{"line":148,"column":5}},"loc":{"start":{"line":148,"column":30},"end":{"line":150,"column":5}},"line":148},"18":{"name":"(anonymous_18)","decl":{"start":{"line":152,"column":4},"end":{"line":152,"column":5}},"loc":{"start":{"line":152,"column":24},"end":{"line":154,"column":5}},"line":152},"19":{"name":"(anonymous_19)","decl":{"start":{"line":156,"column":4},"end":{"line":156,"column":5}},"loc":{"start":{"line":156,"column":24},"end":{"line":158,"column":5}},"line":156},"20":{"name":"(anonymous_20)","decl":{"start":{"line":160,"column":4},"end":{"line":160,"column":5}},"loc":{"start":{"line":160,"column":42},"end":{"line":167,"column":5}},"line":160},"21":{"name":"(anonymous_21)","decl":{"start":{"line":169,"column":4},"end":{"line":169,"column":5}},"loc":{"start":{"line":169,"column":45},"end":{"line":178,"column":5}},"line":169},"22":{"name":"(anonymous_22)","decl":{"start":{"line":180,"column":4},"end":{"line":180,"column":5}},"loc":{"start":{"line":180,"column":25},"end":{"line":182,"column":5}},"line":180},"23":{"name":"(anonymous_23)","decl":{"start":{"line":184,"column":4},"end":{"line":184,"column":5}},"loc":{"start":{"line":184,"column":18},"end":{"line":186,"column":5}},"line":184},"24":{"name":"(anonymous_24)","decl":{"start":{"line":188,"column":4},"end":{"line":188,"column":5}},"loc":{"start":{"line":188,"column":51},"end":{"line":196,"column":5}},"line":188},"25":{"name":"(anonymous_25)","decl":{"start":{"line":198,"column":4},"end":{"line":198,"column":5}},"loc":{"start":{"line":198,"column":28},"end":{"line":200,"column":5}},"line":198},"26":{"name":"(anonymous_26)","decl":{"start":{"line":202,"column":4},"end":{"line":202,"column":5}},"loc":{"start":{"line":202,"column":50},"end":{"line":212,"column":5}},"line":202},"27":{"name":"(anonymous_27)","decl":{"start":{"line":214,"column":4},"end":{"line":214,"column":5}},"loc":{"start":{"line":215,"column":4},"end":{"line":218,"column":5}},"line":215},"28":{"name":"(anonymous_28)","decl":{"start":{"line":220,"column":4},"end":{"line":220,"column":5}},"loc":{"start":{"line":220,"column":46},"end":{"line":223,"column":5}},"line":220}},"branchMap":{"0":{"loc":{"start":{"line":21,"column":12},"end":{"line":25,"column":13}},"type":"switch","locations":[{"start":{"line":22,"column":16},"end":{"line":22,"column":73}},{"start":{"line":23,"column":16},"end":{"line":23,"column":65}},{"start":{"line":24,"column":16},"end":{"line":24,"column":75}}],"line":21},"1":{"loc":{"start":{"line":37,"column":8},"end":{"line":42,"column":9}},"type":"if","locations":[{"start":{"line":37,"column":8},"end":{"line":42,"column":9}},{"start":{"line":39,"column":13},"end":{"line":42,"column":9}}],"line":37},"2":{"loc":{"start":{"line":37,"column":11},"end":{"line":37,"column":83}},"type":"binary-expr","locations":[{"start":{"line":37,"column":11},"end":{"line":37,"column":29}},{"start":{"line":37,"column":33},"end":{"line":37,"column":83}}],"line":37},"3":{"loc":{"start":{"line":59,"column":8},"end":{"line":76,"column":9}},"type":"switch","locations":[{"start":{"line":60,"column":12},"end":{"line":63,"column":35}},{"start":{"line":64,"column":12},"end":{"line":67,"column":35}},{"start":{"line":68,"column":12},"end":{"line":71,"column":35}},{"start":{"line":72,"column":12},"end":{"line":75,"column":35}}],"line":59},"4":{"loc":{"start":{"line":82,"column":8},"end":{"line":85,"column":9}},"type":"if","locations":[{"start":{"line":82,"column":8},"end":{"line":85,"column":9}},{"start":{},"end":{}}],"line":82},"5":{"loc":{"start":{"line":116,"column":8},"end":{"line":118,"column":9}},"type":"if","locations":[{"start":{"line":116,"column":8},"end":{"line":118,"column":9}},{"start":{},"end":{}}],"line":116},"6":{"loc":{"start":{"line":122,"column":8},"end":{"line":124,"column":9}},"type":"if","locations":[{"start":{"line":122,"column":8},"end":{"line":124,"column":9}},{"start":{},"end":{}}],"line":122},"7":{"loc":{"start":{"line":134,"column":12},"end":{"line":139,"column":13}},"type":"if","locations":[{"start":{"line":134,"column":12},"end":{"line":139,"column":13}},{"start":{},"end":{}}],"line":134},"8":{"loc":{"start":{"line":162,"column":12},"end":{"line":165,"column":13}},"type":"if","locations":[{"start":{"line":162,"column":12},"end":{"line":165,"column":13}},{"start":{},"end":{}}],"line":162},"9":{"loc":{"start":{"line":173,"column":12},"end":{"line":176,"column":13}},"type":"if","locations":[{"start":{"line":173,"column":12},"end":{"line":176,"column":13}},{"start":{},"end":{}}],"line":173},"10":{"loc":{"start":{"line":173,"column":15},"end":{"line":173,"column":58}},"type":"binary-expr","locations":[{"start":{"line":173,"column":15},"end":{"line":173,"column":45}},{"start":{"line":173,"column":49},"end":{"line":173,"column":58}}],"line":173},"11":{"loc":{"start":{"line":189,"column":8},"end":{"line":195,"column":9}},"type":"if","locations":[{"start":{"line":189,"column":8},"end":{"line":195,"column":9}},{"start":{},"end":{}}],"line":189},"12":{"loc":{"start":{"line":204,"column":8},"end":{"line":210,"column":9}},"type":"if","locations":[{"start":{"line":204,"column":8},"end":{"line":210,"column":9}},{"start":{"line":207,"column":13},"end":{"line":210,"column":9}}],"line":204},"13":{"loc":{"start":{"line":207,"column":13},"end":{"line":210,"column":9}},"type":"if","locations":[{"start":{"line":207,"column":13},"end":{"line":210,"column":9}},{"start":{},"end":{}}],"line":207}},"s":{"0":3,"1":3,"2":3,"3":3,"4":3,"5":3,"6":3,"7":3,"8":3,"9":3,"10":3,"11":0,"12":0,"13":0,"14":0,"15":0,"16":0,"17":0,"18":0,"19":0,"20":0,"21":11,"22":11,"23":11,"24":40,"25":0,"26":0,"27":0,"28":0,"29":0,"30":0,"31":0,"32":0,"33":0,"34":0,"35":0,"36":0,"37":0,"38":0,"39":0,"40":0,"41":0,"42":0,"43":0,"44":0,"45":0,"46":0,"47":0,"48":0,"49":0,"50":0,"51":2,"52":2,"53":1,"54":1,"55":2,"56":5,"57":5,"58":5,"59":9,"60":0,"61":0,"62":0,"63":1,"64":8,"65":0,"66":8,"67":0,"68":8,"69":8,"70":8,"71":8,"72":8,"73":8,"74":8,"75":8,"76":0,"77":8,"78":1,"79":0,"80":4,"81":11,"82":11,"83":40,"84":11,"85":11,"86":8,"87":8,"88":32,"89":32,"90":16,"91":16,"92":8,"93":8,"94":9,"95":8,"96":8,"97":8,"98":8,"99":8,"100":5,"101":1,"102":1,"103":0,"104":1,"105":0,"106":1,"107":1,"108":1,"109":2,"110":2},"f":{"0":3,"1":0,"2":11,"3":0,"4":0,"5":0,"6":2,"7":5,"8":9,"9":0,"10":0,"11":0,"12":1,"13":8,"14":8,"15":8,"16":8,"17":1,"18":0,"19":4,"20":11,"21":8,"22":8,"23":8,"24":9,"25":5,"26":1,"27":1,"28":2},"b":{"0":[0,0,0],"1":[0,0],"2":[0,0],"3":[0,0,0,0],"4":[1,1],"5":[0,8],"6":[0,8],"7":[8,0],"8":[11,29],"9":[16,16],"10":[32,24],"11":[8,1],"12":[0,1],"13":[0,1]},"_coverageSchema":"1a1c01bbd47fc00a2c39e90264f33305004495a9","hash":"3b9f9fa3df0895ff13e06c4bd44343a66c68faeb"}
}
