TN:
SF:src\ExcepcionesWordle.js
FN:2,(anonymous_0)
FNF:1
FNH:0
FNDA:0,(anonymous_0)
DA:3,0
LF:1
LH:0
BRF:0
BRH:0
end_of_record
TN:
SF:src\funcionesWordle.js
FN:4,(anonymous_0)
FN:18,(anonymous_1)
FN:29,(anonymous_2)
FN:36,(anonymous_3)
FN:45,(anonymous_4)
FN:55,(anonymous_5)
FN:80,(anonymous_6)
FN:89,(anonymous_7)
FN:95,(anonymous_8)
FN:99,(anonymous_9)
FN:103,(anonymous_10)
FN:107,(anonymous_11)
FN:111,(anonymous_12)
FN:115,(anonymous_13)
FN:121,(anonymous_14)
FN:127,(anonymous_15)
FN:132,(anonymous_16)
FN:148,(anonymous_17)
FN:152,(anonymous_18)
FN:156,(anonymous_19)
FN:160,(anonymous_20)
FN:169,(anonymous_21)
FN:180,(anonymous_22)
FN:184,(anonymous_23)
FN:188,(anonymous_24)
FN:198,(anonymous_25)
FN:202,(anonymous_26)
FN:214,(anonymous_27)
FN:220,(anonymous_28)
FNF:29
FNH:21
FNDA:3,(anonymous_0)
FNDA:0,(anonymous_1)
FNDA:16,(anonymous_2)
FNDA:0,(anonymous_3)
FNDA:0,(anonymous_4)
FNDA:0,(anonymous_5)
FNDA:2,(anonymous_6)
FNDA:5,(anonymous_7)
FNDA:9,(anonymous_8)
FNDA:0,(anonymous_9)
FNDA:0,(anonymous_10)
FNDA:0,(anonymous_11)
FNDA:1,(anonymous_12)
FNDA:13,(anonymous_13)
FNDA:13,(anonymous_14)
FNDA:13,(anonymous_15)
FNDA:13,(anonymous_16)
FNDA:1,(anonymous_17)
FNDA:0,(anonymous_18)
FNDA:5,(anonymous_19)
FNDA:16,(anonymous_20)
FNDA:13,(anonymous_21)
FNDA:13,(anonymous_22)
FNDA:13,(anonymous_23)
FNDA:14,(anonymous_24)
FNDA:5,(anonymous_25)
FNDA:1,(anonymous_26)
FNDA:1,(anonymous_27)
FNDA:2,(anonymous_28)
DA:5,3
DA:6,3
DA:7,3
DA:8,3
DA:9,3
DA:10,3
DA:11,3
DA:12,3
DA:13,3
DA:14,3
DA:15,3
DA:19,0
DA:20,0
DA:21,0
DA:22,0
DA:23,0
DA:24,0
DA:30,16
DA:31,16
DA:32,60
DA:37,0
DA:38,0
DA:40,0
DA:41,0
DA:46,0
DA:47,0
DA:48,0
DA:50,0
DA:52,0
DA:56,0
DA:57,0
DA:58,0
DA:59,0
DA:61,0
DA:62,0
DA:63,0
DA:65,0
DA:66,0
DA:67,0
DA:69,0
DA:70,0
DA:71,0
DA:73,0
DA:74,0
DA:75,0
DA:77,0
DA:81,2
DA:82,2
DA:83,1
DA:84,1
DA:86,2
DA:90,5
DA:91,5
DA:92,5
DA:96,9
DA:100,0
DA:104,0
DA:108,0
DA:112,1
DA:116,13
DA:117,0
DA:122,13
DA:123,0
DA:128,13
DA:129,13
DA:133,13
DA:134,13
DA:135,13
DA:136,13
DA:137,13
DA:138,13
DA:142,0
DA:144,13
DA:149,1
DA:153,0
DA:157,5
DA:161,16
DA:162,60
DA:163,16
DA:164,16
DA:171,13
DA:172,52
DA:173,52
DA:174,26
DA:175,26
DA:181,13
DA:185,13
DA:189,14
DA:190,13
DA:191,13
DA:192,13
DA:193,13
DA:194,13
DA:199,5
DA:203,1
DA:204,1
DA:205,0
DA:207,1
DA:209,1
DA:211,1
DA:216,1
DA:217,1
DA:221,2
DA:222,2
LF:104
LH:64
BRDA:21,0,0,0
BRDA:21,0,1,0
BRDA:21,0,2,0
BRDA:37,1,0,0
BRDA:37,1,1,0
BRDA:37,2,0,0
BRDA:37,2,1,0
BRDA:59,3,0,0
BRDA:59,3,1,0
BRDA:59,3,2,0
BRDA:59,3,3,0
BRDA:82,4,0,1
BRDA:82,4,1,1
BRDA:116,5,0,0
BRDA:116,5,1,13
BRDA:122,6,0,0
BRDA:122,6,1,13
BRDA:134,7,0,13
BRDA:134,7,1,0
BRDA:162,8,0,16
BRDA:162,8,1,44
BRDA:173,9,0,26
BRDA:173,9,1,26
BRDA:173,10,0,52
BRDA:173,10,1,39
BRDA:189,11,0,13
BRDA:189,11,1,1
BRDA:204,12,0,0
BRDA:204,12,1,1
BRDA:207,13,0,1
BRDA:207,13,1,0
BRF:31
BRH:15
end_of_record
