TN:
SF:src\ExcepcionesWordle.js
FN:2,(anonymous_0)
FNF:1
FNH:0
FNDA:0,(anonymous_0)
DA:3,0
LF:1
LH:0
BRF:0
BRH:0
end_of_record
TN:
SF:src\funcionesWordle.js
FN:4,(anonymous_0)
FN:18,(anonymous_1)
FN:29,(anonymous_2)
FN:36,(anonymous_3)
FN:45,(anonymous_4)
FN:55,(anonymous_5)
FN:80,(anonymous_6)
FN:89,(anonymous_7)
FN:95,(anonymous_8)
FN:99,(anonymous_9)
FN:103,(anonymous_10)
FN:107,(anonymous_11)
FN:111,(anonymous_12)
FN:115,(anonymous_13)
FN:121,(anonymous_14)
FN:127,(anonymous_15)
FN:132,(anonymous_16)
FN:148,(anonymous_17)
FN:152,(anonymous_18)
FN:156,(anonymous_19)
FN:160,(anonymous_20)
FN:169,(anonymous_21)
FN:180,(anonymous_22)
FN:184,(anonymous_23)
FN:188,(anonymous_24)
FN:198,(anonymous_25)
FN:202,(anonymous_26)
FN:214,(anonymous_27)
FN:220,(anonymous_28)
FNF:29
FNH:26
FNDA:4,(anonymous_0)
FNDA:4,(anonymous_1)
FNDA:18,(anonymous_2)
FNDA:4,(anonymous_3)
FNDA:0,(anonymous_4)
FNDA:0,(anonymous_5)
FNDA:2,(anonymous_6)
FNDA:7,(anonymous_7)
FNDA:11,(anonymous_8)
FNDA:1,(anonymous_9)
FNDA:1,(anonymous_10)
FNDA:2,(anonymous_11)
FNDA:1,(anonymous_12)
FNDA:15,(anonymous_13)
FNDA:15,(anonymous_14)
FNDA:15,(anonymous_15)
FNDA:15,(anonymous_16)
FNDA:1,(anonymous_17)
FNDA:0,(anonymous_18)
FNDA:5,(anonymous_19)
FNDA:18,(anonymous_20)
FNDA:15,(anonymous_21)
FNDA:15,(anonymous_22)
FNDA:15,(anonymous_23)
FNDA:16,(anonymous_24)
FNDA:5,(anonymous_25)
FNDA:3,(anonymous_26)
FNDA:1,(anonymous_27)
FNDA:2,(anonymous_28)
DA:5,4
DA:6,4
DA:7,4
DA:8,4
DA:9,4
DA:10,4
DA:11,4
DA:12,4
DA:13,4
DA:14,4
DA:15,4
DA:19,4
DA:20,4
DA:21,3
DA:22,1
DA:23,1
DA:24,1
DA:30,18
DA:31,18
DA:32,68
DA:37,4
DA:38,0
DA:40,4
DA:41,4
DA:46,0
DA:47,0
DA:48,0
DA:50,0
DA:52,0
DA:56,0
DA:57,0
DA:58,0
DA:59,0
DA:61,0
DA:62,0
DA:63,0
DA:65,0
DA:66,0
DA:67,0
DA:69,0
DA:70,0
DA:71,0
DA:73,0
DA:74,0
DA:75,0
DA:77,0
DA:81,2
DA:82,2
DA:83,1
DA:84,1
DA:86,2
DA:90,7
DA:91,7
DA:92,7
DA:96,11
DA:100,1
DA:104,1
DA:108,2
DA:112,1
DA:116,15
DA:117,0
DA:122,15
DA:123,0
DA:128,15
DA:129,15
DA:133,15
DA:134,15
DA:135,15
DA:136,15
DA:137,15
DA:138,15
DA:142,0
DA:144,15
DA:149,1
DA:153,0
DA:157,5
DA:161,18
DA:162,68
DA:163,21
DA:164,21
DA:171,15
DA:172,60
DA:173,60
DA:174,28
DA:175,28
DA:181,15
DA:185,15
DA:189,16
DA:190,15
DA:191,15
DA:192,15
DA:193,15
DA:194,15
DA:199,5
DA:203,3
DA:204,3
DA:205,1
DA:207,2
DA:209,1
DA:211,3
DA:216,1
DA:217,1
DA:221,2
DA:222,2
LF:104
LH:77
BRDA:21,0,0,1
BRDA:21,0,1,1
BRDA:21,0,2,1
BRDA:37,1,0,0
BRDA:37,1,1,4
BRDA:37,2,0,4
BRDA:37,2,1,4
BRDA:59,3,0,0
BRDA:59,3,1,0
BRDA:59,3,2,0
BRDA:59,3,3,0
BRDA:82,4,0,1
BRDA:82,4,1,1
BRDA:116,5,0,0
BRDA:116,5,1,15
BRDA:122,6,0,0
BRDA:122,6,1,15
BRDA:134,7,0,15
BRDA:134,7,1,0
BRDA:162,8,0,21
BRDA:162,8,1,47
BRDA:173,9,0,28
BRDA:173,9,1,32
BRDA:173,10,0,60
BRDA:173,10,1,42
BRDA:189,11,0,15
BRDA:189,11,1,1
BRDA:204,12,0,1
BRDA:204,12,1,2
BRDA:207,13,0,1
BRDA:207,13,1,1
BRF:31
BRH:23
end_of_record
